<?xml version="1.0" encoding="UTF-8"?>
<!-- Generated by org.testng.reporters.JUnitReportReporter -->
<testsuite hostname="fv-az711-922" failures="0" tests="1" name="com.test.Main" time="0.004" errors="0" timestamp="2023-12-28T15:57:48 UTC" skipped="0">
  <testcase classname="com.test.Main" name="test1" time="0.004"/>
  <system-out/>
</testsuite> <!-- com.test.Main -->
